<?xml version="1.0" encoding="UTF-8"?>
<!-- Generated by org.testng.reporters.JUnitReportReporter -->
<testsuite skipped="0" hostname="DESKTOP-1H83AUO" name="testCases.Tc_004_Search" tests="1" failures="0" timestamp="2022-04-06T22:51:09 EDT" time="16.829" errors="0">
  <testcase name="test_search" time="16.829" classname="testCases.Tc_004_Search"/>
  <system-out/>
</testsuite> <!-- testCases.Tc_004_Search -->
