<?xml version="1.0" encoding="UTF-8"?>
<!-- Generated by org.testng.reporters.JUnitReportReporter -->
<testsuite skipped="0" hostname="DESKTOP-1H83AUO" name="testCases.Tc_otherApplication" tests="1" failures="0" timestamp="2022-04-25T10:09:00 EDT" time="0.448" errors="0">
  <testcase name="testcase_application" time="0.448" classname="testCases.Tc_otherApplication"/>
  <system-out/>
</testsuite> <!-- testCases.Tc_otherApplication -->
