<?xml version="1.0" encoding="UTF-8"?>
<!-- Generated by org.testng.reporters.JUnitReportReporter -->
<testsuite skipped="0" hostname="DESKTOP-1H83AUO" name="testCases.Tc_015AddressBook" tests="1" failures="0" timestamp="2022-05-18T17:43:30 EDT" time="18.401" errors="0">
  <testcase name="test_Address_book" time="18.401" classname="testCases.Tc_015AddressBook"/>
  <system-out/>
</testsuite> <!-- testCases.Tc_015AddressBook -->
