<?xml version="1.0" encoding="UTF-8"?>
<!-- Generated by org.testng.reporters.JUnitReportReporter -->
<testsuite skipped="0" hostname="DESKTOP-1H83AUO" name="testCases.Tc_008ProductDisplayPage" tests="1" failures="0" timestamp="2022-04-14T15:59:40 EDT" time="19.895" errors="0">
  <testcase name="test_productdisplay" time="19.895" classname="testCases.Tc_008ProductDisplayPage"/>
  <system-out/>
</testsuite> <!-- testCases.Tc_008ProductDisplayPage -->
