<?xml version="1.0" encoding="UTF-8"?>
<!-- Generated by org.testng.reporters.JUnitReportReporter -->
<testsuite skipped="0" hostname="DESKTOP-1H83AUO" name="testCases.Tc_012MyAccount" tests="1" failures="0" timestamp="2022-04-26T23:50:54 EDT" time="121.178" errors="0">
  <testcase name="test_myaccount" time="121.178" classname="testCases.Tc_012MyAccount"/>
  <system-out/>
</testsuite> <!-- testCases.Tc_012MyAccount -->
