<?xml version="1.0" encoding="UTF-8"?>
<!-- Generated by org.testng.reporters.JUnitReportReporter -->
<testsuite skipped="0" hostname="DESKTOP-1H83AUO" name="testCases.Tc_014Changepassword" tests="1" failures="0" timestamp="2022-05-13T17:02:28 EDT" time="20.844" errors="0">
  <testcase name="test_changepassword" time="20.844" classname="testCases.Tc_014Changepassword"/>
  <system-out/>
</testsuite> <!-- testCases.Tc_014Changepassword -->
