<?xml version="1.0" encoding="UTF-8"?>
<!-- Generated by org.testng.reporters.JUnitReportReporter -->
<testsuite skipped="0" hostname="DESKTOP-1H83AUO" name="testCases.Tc_005AddCart" tests="1" failures="0" timestamp="2022-04-10T12:24:33 EDT" time="29.565" errors="0">
  <testcase name="test_addcart" time="29.565" classname="testCases.Tc_005AddCart"/>
  <system-out/>
</testsuite> <!-- testCases.Tc_005AddCart -->
