<?xml version="1.0" encoding="UTF-8"?>
<!-- Generated by org.testng.reporters.JUnitReportReporter -->
<testsuite skipped="0" hostname="DESKTOP-1H83AUO" name="testCases.Tc_016OrderHistory" tests="1" failures="0" timestamp="2022-05-21T14:23:23 EDT" time="16.280" errors="0">
  <testcase name="Test_orderhistory" time="16.280" classname="testCases.Tc_016OrderHistory"/>
  <system-out/>
</testsuite> <!-- testCases.Tc_016OrderHistory -->
