<?xml version="1.0" encoding="UTF-8"?>
<!-- Generated by org.testng.reporters.JUnitReportReporter -->
<testsuite skipped="0" hostname="DESKTOP-1H83AUO" name="testCases.Tc_007WishList" tests="1" failures="0" timestamp="2022-04-12T23:08:43 EDT" time="28.558" errors="0">
  <testcase name="test_wishlist" time="28.558" classname="testCases.Tc_007WishList"/>
  <system-out/>
</testsuite> <!-- testCases.Tc_007WishList -->
