<?xml version="1.0" encoding="UTF-8"?>
<!-- Generated by org.testng.reporters.JUnitReportReporter -->
<testsuite skipped="0" hostname="DESKTOP-1H83AUO" name="testCases.Tc_002_Login" tests="1" failures="0" timestamp="2022-04-02T16:38:02 EDT" time="4.452" errors="0">
  <testcase name="test_Login" time="4.452" classname="testCases.Tc_002_Login"/>
  <system-out/>
</testsuite> <!-- testCases.Tc_002_Login -->
